# JRE version: OpenJDK Runtime Environment Temurin-11.0.12+7 (11.0.12+7) (build 11.0.12+7)
# Java VM: OpenJDK 64-Bit Server VM Temurin-11.0.12+7 (11.0.12+7, mixed mode, tiered, compressed oops, g1 gc, linux-amd64)
Heap:
 garbage-first heap   total 65536K, used 42964K [0x00000000c0000000, 0x0000000100000000)
  region size 1024K, 23 young (23552K), 4 survivors (4096K)
 Metaspace       used 35347K, capacity 38354K, committed 38480K, reserved 1083392K
  class space    used 4106K, capacity 5123K, committed 5248K, reserved 1048576K
GC Heap History (10 events):
Event: 0,449 GC heap before
{Heap before GC invocations=0 (full 0):
 garbage-first heap   total 65536K, used 23552K [0x00000000c0000000, 0x0000000100000000)
  region size 1024K, 24 young (24576K), 0 survivors (0K)
 Metaspace       used 11754K, capacity 12042K, committed 12288K, reserved 1060864K
  class space    used 1171K, capacity 1267K, committed 1280K, reserved 1048576K
}
Event: 0,459 GC heap after
{Heap after GC invocations=1 (full 0):
 garbage-first heap   total 65536K, used 6968K [0x00000000c0000000, 0x0000000100000000)
  region size 1024K, 3 young (3072K), 3 survivors (3072K)
 Metaspace       used 11754K, capacity 12042K, committed 12288K, reserved 1060864K
  class space    used 1171K, capacity 1267K, committed 1280K, reserved 1048576K
}
Event: 0,635 GC heap before
{Heap before GC invocations=1 (full 0):
 garbage-first heap   total 65536K, used 19256K [0x00000000c0000000, 0x0000000100000000)
  region size 1024K, 16 young (16384K), 3 survivors (3072K)
 Metaspace       used 15254K, capacity 15718K, committed 15872K, reserved 1062912K
  class space    used 1573K, capacity 1734K, committed 1792K, reserved 1048576K
}
Event: 0,640 GC heap after
{Heap after GC invocations=2 (full 0):
 garbage-first heap   total 65536K, used 8230K [0x00000000c0000000, 0x0000000100000000)
  region size 1024K, 2 young (2048K), 2 survivors (2048K)
 Metaspace       used 15254K, capacity 15718K, committed 15872K, reserved 1062912K
  class space    used 1573K, capacity 1734K, committed 1792K, reserved 1048576K
}
Event: 0,944 GC heap before
{Heap before GC invocations=2 (full 0):
 garbage-first heap   total 65536K, used 23590K [0x00000000c0000000, 0x0000000100000000)
  region size 1024K, 18 young (18432K), 2 survivors (2048K)
 Metaspace       used 19612K, capacity 21046K, committed 21248K, reserved 1069056K
  class space    used 2041K, capacity 2541K, committed 2560K, reserved 1048576K
}
Event: 0,948 GC heap after
{Heap after GC invocations=3 (full 0):
 garbage-first heap   total 65536K, used 11264K [0x00000000c0000000, 0x0000000100000000)
  region size 1024K, 3 young (3072K), 3 survivors (3072K)
 Metaspace       used 19612K, capacity 21046K, committed 21248K, reserved 1069056K
  class space    used 2041K, capacity 2541K, committed 2560K, reserved 1048576K
}
Event: 1,306 GC heap before
{Heap before GC invocations=4 (full 0):
 garbage-first heap   total 65536K, used 33792K [0x00000000c0000000, 0x0000000100000000)
  region size 1024K, 26 young (26624K), 3 survivors (3072K)
 Metaspace       used 24928K, capacity 27110K, committed 27260K, reserved 1073152K
  class space    used 2678K, capacity 3416K, committed 3456K, reserved 1048576K
}
Event: 1,309 GC heap after
{Heap after GC invocations=5 (full 0):
 garbage-first heap   total 65536K, used 14221K [0x00000000c0000000, 0x0000000100000000)
  region size 1024K, 3 young (3072K), 3 survivors (3072K)
 Metaspace       used 24928K, capacity 27110K, committed 27260K, reserved 1073152K
  class space    used 2678K, capacity 3416K, committed 3456K, reserved 1048576K
}
Event: 1,818 GC heap before
{Heap before GC invocations=5 (full 0):
 garbage-first heap   total 65536K, used 32653K [0x00000000c0000000, 0x0000000100000000)
  region size 1024K, 23 young (23552K), 3 survivors (3072K)
 Metaspace       used 33147K, capacity 35923K, committed 36048K, reserved 1081344K
  class space    used 3865K, capacity 4787K, committed 4864K, reserved 1048576K
}
Event: 1,822 GC heap after
{Heap after GC invocations=6 (full 0):
 garbage-first heap   total 65536K, used 17364K [0x00000000c0000000, 0x0000000100000000)
  region size 1024K, 4 young (4096K), 4 survivors (4096K)
 Metaspace       used 33147K, capacity 35923K, committed 36048K, reserved 1081344K
  class space    used 3865K, capacity 4787K, committed 4864K, reserved 1048576K
}

